<?xml version="1.0" encoding="UTF-8"?>
<testsuite xmlns:xsi="http://www.w3.org/2001/XMLSchema-instance" xsi:noNamespaceSchemaLocation="https://maven.apache.org/surefire/maven-surefire-plugin/xsd/surefire-test-report-3.0.xsd" version="3.0" name="com.qa.runners.MyRunnerTest" time="25.048" tests="1" errors="0" skipped="0" failures="1">
  <properties>
[...]
</properties>
  <testcase name="Login with invalid username" classname="Login scenarios" time="24.923">
    <failure message="expected:&lt;[]Provided credentials...&gt; but was:&lt;[o]Provided credentials...&gt;" type="org.junit.ComparisonFailure"><![CDATA[org.junit.ComparisonFailure: expected:<[]Provided credentials...> but was:<[o]Provided credentials...>
	at org.junit.Assert.assertEquals(Assert.java:117)
	at org.junit.Assert.assertEquals(Assert.java:146)
	at com.qa.stepdef.LoginStepDef.loginShouldFailWithAnError(LoginStepDef.java:40)
	at ✽.Login should fail with an error "oProvided credentials do not match any user in this service."(file:///D:/nds-workspace/AppiumCucumberFramework/src/test/resources/Login.feature:10)
]]></failure>
    <system-out><![CDATA[
@test
Scenario Outline: Login with invalid username                                                         # src/test/resources/Login.feature:13
[INFO ] 2023-03-02 23:43:16.614 ServerManager:20 - Starting Appium Server
&amp#27;[35m[Appium]&amp#27;[39m Welcome to Appium v2.0.0-beta.55
&amp#27;[35m[Appium]&amp#27;[39m Non-default server args:
&amp#27;[35m[Appium]&amp#27;[39m { port: &amp#27;[33m18096&amp#27;[39m, sessionOverride: &amp#27;[33mtrue&amp#27;[39m }
&amp#27;[35m[Appium]&amp#27;[39m Attempting to load driver uiautomator2...
[debug] &amp#27;[35m[Appium]&amp#27;[39m Requiring driver at C:\Users\Sal\.appium\node_modules\appium-uiautomator2-driver
&amp#27;[35m[Appium]&amp#27;[39m Appium REST http interface listener started on 0.0.0.0:18096
&amp#27;[35m[Appium]&amp#27;[39m Available drivers:
&amp#27;[35m[Appium]&amp#27;[39m   - uiautomator2@2.12.3 (automationName 'UiAutomator2')
&amp#27;[35m[Appium]&amp#27;[39m No plugins have been installed. Use the "appium plugin" command to install the one(s) you want to use.
&amp#27;[38;5;0m[HTTP]&amp#27;[0m &amp#27;[37m-->&amp#27;[39m &amp#27;[37mGET&amp#27;[39m &amp#27;[37m/status&amp#27;[39m
&amp#27;[38;5;0m[HTTP]&amp#27;[0m &amp#27;[90m{}&amp#27;[39m
[debug] &amp#27;[38;5;16m[AppiumDriver@44d1]&amp#27;[0m Calling AppiumDriver.getStatus() with args: []
[debug] &amp#27;[38;5;16m[AppiumDriver@44d1]&amp#27;[0m Responding to client with driver.getStatus() result: {"build":{"version":"2.0.0-beta.55"}}
&amp#27;[38;5;0m[HTTP]&amp#27;[0m &amp#27;[37m<-- GET /status &amp#27;[39m&amp#27;[32m200&amp#27;[39m &amp#27;[90m4 ms - 47&amp#27;[39m
&amp#27;[38;5;0m[HTTP]&amp#27;[0m &amp#27;[90m&amp#27;[39m
&amp#27;[38;5;0m[HTTP]&amp#27;[0m &amp#27;[37m-->&amp#27;[39m &amp#27;[37mGET&amp#27;[39m &amp#27;[37m/status&amp#27;[39m
&amp#27;[38;5;0m[HTTP]&amp#27;[0m &amp#27;[90m{}&amp#27;[39m
[debug] &amp#27;[38;5;16m[AppiumDriver@44d1]&amp#27;[0m Calling AppiumDriver.getStatus() with args: []
[debug] &amp#27;[38;5;16m[AppiumDriver@44d1]&amp#27;[0m Responding to client with driver.getStatus() result: {"build":{"version":"2.0.0-beta.55"}}
[INFO ] 2023-03-02 23:43:23.893 ServerManager:29 - Appium Server Started
[INFO ] 2023-03-02 23:43:23.901 DriverManager:26 - Initializing Appium driver
[INFO ] 2023-03-02 23:43:23.912 PropertyManager:16 - Loading config properties
[INFO ] 2023-03-02 23:43:23.912 CapabilitiesManager:17 - Getting Capabilities
[INFO ] 2023-03-02 23:43:32.445 DriverManager:28 - Driver is initialized
  Given I'm on the Home page                                                                          # com.qa.stepdef.LoginStepDef.iMOnTheHomePage()
  When I go to Login page                                                                             # com.qa.stepdef.LoginStepDef.iGoToLoginPage()
[INFO ] 2023-03-02 23:43:36.544 BasePage:57 - Login with invalidUsername
  And I enter username as "invalidUsername"                                                           # com.qa.stepdef.LoginStepDef.iEnterUsernameAs(java.lang.String)
[INFO ] 2023-03-02 23:43:37.876 BasePage:57 - Password is 10203040
  And I enter password as "10203040"                                                                  # com.qa.stepdef.LoginStepDef.iEnterPasswordAs(java.lang.String)
[INFO ] 2023-03-02 23:43:39.086 BasePage:46 - Click login button
  And I press Login                                                                                   # com.qa.stepdef.LoginStepDef.iPressLogin()
[INFO ] 2023-03-02 23:43:40.192 BasePage:69 - Error message : Provided credentials do not match any user in this service.
  Then Login should fail with an error "oProvided credentials do not match any user in this service." # com.qa.stepdef.LoginStepDef.loginShouldFailWithAnError(java.lang.String)
      org.junit.ComparisonFailure: expected:<[]Provided credentials...> but was:<[o]Provided credentials...>
	at org.junit.Assert.assertEquals(Assert.java:117)
	at org.junit.Assert.assertEquals(Assert.java:146)
	at com.qa.stepdef.LoginStepDef.loginShouldFailWithAnError(LoginStepDef.java:40)
	at âœ½.Login should fail with an error "oProvided credentials do not match any user in this service."(file:///D:/nds-workspace/AppiumCucumberFramework/src/test/resources/Login.feature:10)


    Embedding Login with invalid username [image/png 146099 bytes]

]]></system-out>
    <system-err><![CDATA[SLF4J: No SLF4J providers were found.
SLF4J: Defaulting to no-operation (NOP) logger implementation
SLF4J: See https://www.slf4j.org/codes.html#noProviders for further details.
]]></system-err>
  </testcase>
</testsuite>